<?xml version="1.0" encoding="UTF-8"?>
<testsuite name="SternAutoTest" tests="1" skipped="0" failures="0" errors="0" timestamp="2023-07-12T10:55:38" hostname="Air-von-Nuri.fritz.box" time="19.019">
  <properties/>
  <testcase name="sternAutoTest" classname="SternAutoTest" time="19.019"/>
  <system-out><![CDATA[]]></system-out>
  <system-err><![CDATA[[Test worker] INFO org.testcontainers.utility.ImageNameSubstitutor - Image name substitution will be performed by: DefaultImageNameSubstitutor (composite of 'ConfigurationFileImageNameSubstitutor' and 'PrefixingImageNameSubstitutor')
[Test worker] INFO org.testcontainers.dockerclient.DockerClientProviderStrategy - Loaded org.testcontainers.dockerclient.UnixSocketClientProviderStrategy from ~/.testcontainers.properties, will try it first
[Test worker] INFO org.testcontainers.dockerclient.DockerClientProviderStrategy - Found Docker environment with local Unix socket (unix:///var/run/docker.sock)
[Test worker] INFO org.testcontainers.DockerClientFactory - Docker host IP address is localhost
[Test worker] INFO org.testcontainers.DockerClientFactory - Connected to docker: 
  Server Version: 20.10.23
  API Version: 1.41
  Operating System: Docker Desktop
  Total Memory: 3933 MB
[Test worker] INFO tc.testcontainers/ryuk:0.5.1 - Creating container for image: testcontainers/ryuk:0.5.1
[Test worker] INFO org.testcontainers.utility.RegistryAuthLocator - Credential helper/store (docker-credential-desktop) does not have credentials for https://index.docker.io/v1/
[Test worker] INFO tc.testcontainers/ryuk:0.5.1 - Container testcontainers/ryuk:0.5.1 is starting: e82fe32a719650e573f205e324b4aedba856630a5d415cde5ca085b6bf090e7a
[Test worker] INFO tc.testcontainers/ryuk:0.5.1 - Container testcontainers/ryuk:0.5.1 started in PT1.030401S
[Test worker] INFO org.testcontainers.utility.RyukResourceReaper - Ryuk started - will monitor and terminate Testcontainers containers on JVM exit
[Test worker] INFO org.testcontainers.DockerClientFactory - Checking the system...
[Test worker] INFO org.testcontainers.DockerClientFactory - ✔︎ Docker server version should be at least 1.6.0
[Test worker] INFO org.testcontainers.containers.SeleniumUtils - Selenium API version 4.10.0 detected on classpath
[Test worker] INFO tc.seleniarm/standalone-chromium:latest - Creating container for image: seleniarm/standalone-chromium:latest
[Test worker] INFO tc.seleniarm/standalone-chromium:latest - Container seleniarm/standalone-chromium:latest is starting: 07d0252e3c53a6b30ec6106b82e210435edbbe3a0ffe6bd0a891616565611453
[Test worker] INFO tc.seleniarm/standalone-chromium:latest - Container seleniarm/standalone-chromium:latest started in PT3.578137S
Jul 12, 2023 12:55:43 PM org.openqa.selenium.remote.tracing.opentelemetry.OpenTelemetryTracer createTracer
INFO: Using OpenTelemetry for tracing
[Test worker] INFO com.codeborne.selenide.drivercommands.CloseDriverCommand - Close webdriver: 1 -> RemoteWebDriver: chrome on linux (6f29c36e900c3318ee15e02d115aa8dc)...
[Test worker] INFO com.codeborne.selenide.drivercommands.CloseDriverCommand - Closed webdriver 1 in 249 ms
[Test worker] INFO com.codeborne.selenide.drivercommands.DisposablesRegistry - Unregister WebDriverInstance[config=StaticConfig,webDriver=RemoteWebDriver: chrome on linux (null),proxy=null,downloadsFolder=/Users/nuri/Desktop/automatedTest/testversuch2/build/downloads] in 1 [size=0]
]]></system-err>
</testsuite>
